d:\git\mq-rfhutil\client\releasesafe\vc143.pdb
d:\git\mq-rfhutil\client\releasesafe\moveq.obj
d:\git\mq-rfhutil\client\releasesafe\mainfrm.obj
d:\git\mq-rfhutil\client\releasesafe\loadq.obj
d:\git\mq-rfhutil\client\releasesafe\jsonparse.obj
d:\git\mq-rfhutil\client\releasesafe\jms.obj
d:\git\mq-rfhutil\client\releasesafe\ims.obj
d:\git\mq-rfhutil\client\releasesafe\idedit.obj
d:\git\mq-rfhutil\client\releasesafe\hexfind.obj
d:\git\mq-rfhutil\client\releasesafe\goto.obj
d:\git\mq-rfhutil\client\releasesafe\general.obj
d:\git\mq-rfhutil\client\releasesafe\dlq.obj
d:\git\mq-rfhutil\client\releasesafe\dispq.obj
d:\git\mq-rfhutil\client\releasesafe\displayq.obj
d:\git\mq-rfhutil\client\releasesafe\dataarea.obj
d:\git\mq-rfhutil\client\releasesafe\copybook.obj
d:\git\mq-rfhutil\client\releasesafe\connuser.obj
d:\git\mq-rfhutil\client\releasesafe\connsettings.obj
d:\git\mq-rfhutil\client\releasesafe\comsubs.obj
d:\git\mq-rfhutil\client\releasesafe\cics.obj
d:\git\mq-rfhutil\client\releasesafe\cappubs.obj
d:\git\mq-rfhutil\client\releasesafe\writepubs.obj
d:\git\mq-rfhutil\client\releasesafe\usr.obj
d:\git\mq-rfhutil\client\releasesafe\thememanager.obj
d:\git\mq-rfhutil\client\releasesafe\stdafx.obj
d:\git\mq-rfhutil\client\releasesafe\savemsgs.obj
d:\git\mq-rfhutil\client\releasesafe\rfhutilview.obj
d:\git\mq-rfhutil\client\releasesafe\rfhutildoc.obj
d:\git\mq-rfhutil\client\releasesafe\rfhutil.obj
d:\git\mq-rfhutil\client\releasesafe\rfh.obj
d:\git\mq-rfhutil\client\releasesafe\pubsub.obj
d:\git\mq-rfhutil\client\releasesafe\pscr.obj
d:\git\mq-rfhutil\client\releasesafe\ps.obj
d:\git\mq-rfhutil\client\releasesafe\props.obj
d:\git\mq-rfhutil\client\releasesafe\other.obj
d:\git\mq-rfhutil\client\releasesafe\names.obj
d:\git\mq-rfhutil\client\releasesafe\myedit.obj
d:\git\mq-rfhutil\client\releasesafe\mycombobox.obj
d:\git\mq-rfhutil\client\releasesafe\msgdata.obj
d:\git\mq-rfhutil\client\releasesafe\mqsubs.obj
d:\git\mq-rfhutil\client\releasesafe\mqmdpage.obj
d:\git\mq-rfhutil\client\releasesafe\xmlsubs.obj
d:\git\mq-rfhutil\client\releasesafe\xmlparse.obj
d:\git\mq-rfhutil\bin\releasesafe\rfhutilc-safe.exe
d:\git\mq-rfhutil\bin\releasesafe\rfhutilc-safe.pdb
d:\git\mq-rfhutil\client\releasesafe\rfhutil.res
d:\git\mq-rfhutil\client\releasesafe\rfhutilc-safe.ipdb
d:\git\mq-rfhutil\client\releasesafe\rfhutilc-safe.iobj
d:\git\mq-rfhutil\client\releasesafe\client.tlog\cl.command.1.tlog
d:\git\mq-rfhutil\client\releasesafe\client.tlog\cl.items.tlog
d:\git\mq-rfhutil\client\releasesafe\client.tlog\cl.read.1.tlog
d:\git\mq-rfhutil\client\releasesafe\client.tlog\cl.write.1.tlog
d:\git\mq-rfhutil\client\releasesafe\client.tlog\link.command.1.tlog
d:\git\mq-rfhutil\client\releasesafe\client.tlog\link.read.1.tlog
d:\git\mq-rfhutil\client\releasesafe\client.tlog\link.secondary.1.tlog
d:\git\mq-rfhutil\client\releasesafe\client.tlog\link.write.1.tlog
d:\git\mq-rfhutil\client\releasesafe\client.tlog\rc.command.1.tlog
d:\git\mq-rfhutil\client\releasesafe\client.tlog\rc.read.1.tlog
d:\git\mq-rfhutil\client\releasesafe\client.tlog\rc.write.1.tlog
